<?xml version="1.0" encoding="UTF-8"?>
<testng-results ignored="0" total="1" passed="1" failed="0" skipped="0">
  <reporter-output>
  </reporter-output>
  <suite started-at="2019-11-18T12:34:50 IST" name="Default suite" finished-at="2019-11-18T12:35:14 IST" duration-ms="23789">
    <groups>
    </groups>
    <test started-at="2019-11-18T12:34:50 IST" name="Default test" finished-at="2019-11-18T12:35:14 IST" duration-ms="23789">
      <class name="com.training.sanity.tests.TC03_ApplicationLoginLogout">
        <test-method is-config="true" signature="setUpBeforeClass()[pri:0, instance:com.training.sanity.tests.TC03_ApplicationLoginLogout@75f32542]" started-at="2019-11-18T12:34:50 IST" name="setUpBeforeClass" finished-at="2019-11-18T12:34:50 IST" duration-ms="24" status="PASS">
          <reporter-output>
          </reporter-output>
        </test-method> <!-- setUpBeforeClass -->
        <test-method is-config="true" signature="setUp()[pri:0, instance:com.training.sanity.tests.TC03_ApplicationLoginLogout@75f32542]" started-at="2019-11-18T12:34:50 IST" name="setUp" finished-at="2019-11-18T12:35:00 IST" duration-ms="9916" status="PASS">
          <reporter-output>
          </reporter-output>
        </test-method> <!-- setUp -->
        <test-method signature="validLoginTest()[pri:0, instance:com.training.sanity.tests.TC03_ApplicationLoginLogout@75f32542]" started-at="2019-11-18T12:35:00 IST" name="validLoginTest" finished-at="2019-11-18T12:35:11 IST" duration-ms="10453" status="PASS">
          <reporter-output>
          </reporter-output>
        </test-method> <!-- validLoginTest -->
        <test-method is-config="true" signature="tearDown()[pri:0, instance:com.training.sanity.tests.TC03_ApplicationLoginLogout@75f32542]" started-at="2019-11-18T12:35:11 IST" name="tearDown" finished-at="2019-11-18T12:35:14 IST" duration-ms="3317" status="PASS">
          <reporter-output>
          </reporter-output>
        </test-method> <!-- tearDown -->
      </class> <!-- com.training.sanity.tests.TC03_ApplicationLoginLogout -->
    </test> <!-- Default test -->
  </suite> <!-- Default suite -->
</testng-results>
